[2018-01-27 12:21:1] : ça démarre
[2018-01-27 12:21:3] : ça termine
[2018-01-28 07:30:40] : ça démarre
[2018-01-28 08:27:52] : ça démarre
[2018-01-28 08:28:00] : ça termine
[2018-01-28 08:36:18] : ça démarre
[2018-01-28 08:36:20] : ça termine
[2018-02-05 11:51:36] : ça démarre
[2018-02-05 11:52:31] : ça démarre
[2018-02-05 11:57:07] : ça démarre
[2018-02-05 14:59:06] : ça démarre
[2018-02-05 15:01:46] : ça démarre
[2018-02-05 15:01:53] : ça termine
[2018-02-05 19:49:01] : ça démarre
[2018-02-06 08:37:39] : ça démarre
[2018-02-06 08:39:07] : ça termine
[2018-02-06 09:57:00] : ça démarre
[2018-02-07 12:26:46] : ça démarre
[2018-02-07 12:29:43] : ça démarre
<<<<<<< HEAD
[2018-02-09 11:56:22] : ça démarre
[2018-02-09 15:04:47] : ça démarre
[2018-02-09 15:06:17] : ça démarre
[2018-02-09 15:07:47] : ça démarre
[2018-02-09 15:08:36] : ça démarre
[2018-02-09 15:09:11] : ça démarre
[2018-02-09 15:09:30] : ça démarre
[2018-02-09 15:11:04] : ça démarre
[2018-02-09 15:11:29] : ça démarre
[2018-02-09 15:11:50] : ça démarre
[2018-02-09 15:13:04] : ça démarre
[2018-02-09 15:14:50] : ça démarre
[2018-02-09 15:15:40] : ça démarre
[2018-02-09 15:20:22] : ça démarre
[2018-02-09 15:21:21] : ça démarre
[2018-02-09 15:21:58] : ça démarre
[2018-02-09 15:23:23] : ça démarre
=======
[2018-02-09 12:00:11] : ça démarre
>>>>>>> f48d4a0af2964b1954bd3bf8169383313805ce31
